
info [Mon Sep 21 2020 13:35:53 GMT+0530 (India Standard Time)]  ::1

info [Mon Sep 21 2020 15:41:55 GMT+0530 (India Standard Time)]  ::1
info [Mon Sep 21 2020 15:43:15 GMT+0530 (India Standard Time)]  ::1

info [Mon Sep 21 2020 15:44:23 GMT+0530 (India Standard Time)]  ::1

info [Mon Sep 21 2020 15:45:30 GMT+0530 (India Standard Time)]  ::1
info [Mon Sep 21 2020 15:46:42 GMT+0530 (India Standard Time)]  ::1
info [Mon Sep 21 2020 15:47:00 GMT+0530 (India Standard Time)]  ::1
info [Mon Sep 21 2020 15:48:01 GMT+0530 (India Standard Time)]  ::1
info [Mon Sep 21 2020 15:48:05 GMT+0530 (India Standard Time)]  ::1
info [Mon Sep 21 2020 15:48:47 GMT+0530 (India Standard Time)]  ::1
info [Mon Sep 21 2020 15:51:15 GMT+0530 (India Standard Time)]  ::1
info [Mon Sep 21 2020 15:51:42 GMT+0530 (India Standard Time)]  ::1
info [Mon Sep 21 2020 18:34:42 GMT+0530 (India Standard Time)]  ::1
info [Mon Sep 21 2020 18:36:17 GMT+0530 (India Standard Time)]  ::1
info [Mon Sep 21 2020 18:37:07 GMT+0530 (India Standard Time)]  ::1

info [Mon Sep 21 2020 18:37:48 GMT+0530 (India Standard Time)]  ::1
info [Mon Sep 21 2020 18:38:00 GMT+0530 (India Standard Time)]  ::1
info [Mon Sep 21 2020 18:40:39 GMT+0530 (India Standard Time)]  ::1

info [Mon Sep 21 2020 18:51:55 GMT+0530 (India Standard Time)]  ::1
info [Mon Sep 21 2020 18:58:03 GMT+0530 (India Standard Time)]  ::1
info [Mon Sep 21 2020 19:06:12 GMT+0530 (India Standard Time)]  ::1
info [Mon Sep 21 2020 19:07:20 GMT+0530 (India Standard Time)]  ::1
info [Mon Sep 21 2020 19:07:40 GMT+0530 (India Standard Time)]  ::1
info [Mon Sep 21 2020 19:08:11 GMT+0530 (India Standard Time)]  ::1
info [Mon Sep 21 2020 19:09:22 GMT+0530 (India Standard Time)]  ::1
info [Mon Sep 21 2020 19:09:42 GMT+0530 (India Standard Time)]  ::1
info [Mon Sep 21 2020 19:16:24 GMT+0530 (India Standard Time)]  ::1
info [Mon Sep 21 2020 19:16:36 GMT+0530 (India Standard Time)]  ::1
info [Mon Sep 21 2020 19:19:30 GMT+0530 (India Standard Time)]  ::1
info [Mon Sep 21 2020 19:20:45 GMT+0530 (India Standard Time)]  ::1
info [Mon Sep 21 2020 19:22:27 GMT+0530 (India Standard Time)]  ::1
info [Mon Sep 21 2020 19:22:42 GMT+0530 (India Standard Time)]  ::1
info [Mon Sep 21 2020 19:23:25 GMT+0530 (India Standard Time)]  ::1
info [Mon Sep 21 2020 19:23:43 GMT+0530 (India Standard Time)]  ::1
info [Mon Sep 21 2020 19:29:18 GMT+0530 (India Standard Time)]  ::1
info [Mon Sep 21 2020 19:29:52 GMT+0530 (India Standard Time)]  ::1
info [Mon Sep 21 2020 19:30:29 GMT+0530 (India Standard Time)]  ::1
info [Mon Sep 21 2020 19:31:15 GMT+0530 (India Standard Time)]  ::1
info [Mon Sep 21 2020 19:35:24 GMT+0530 (India Standard Time)]  ::ffff:192.168.29.134
info [Mon Sep 21 2020 19:37:30 GMT+0530 (India Standard Time)]  ::ffff:192.168.29.134
info [Mon Sep 21 2020 20:51:35 GMT+0530 (India Standard Time)]  ::ffff:192.168.29.134






info [Mon Sep 21 2020 21:21:55 GMT+0530 (India Standard Time)]  ::1


info [Mon Sep 21 2020 21:26:46 GMT+0530 (India Standard Time)]  ::1
info [Mon Sep 21 2020 21:26:50 GMT+0530 (India Standard Time)]  {"name":"undefined undefined","email":null,"phone":"","message":"","createdOn":"2020-09-21T15:56:50.704Z"}
error [Mon Sep 21 2020 21:26:50 GMT+0530 (India Standard Time)]  TypeError: Cannot read property 'length' of null
    at /Users/pradipta.sarma/projects/first-brick/app.js:150:25
    at Layer.handle [as handle_request] (/Users/pradipta.sarma/projects/first-brick/node_modules/express/lib/router/layer.js:95:5)
    at next (/Users/pradipta.sarma/projects/first-brick/node_modules/express/lib/router/route.js:137:13)
    at /Users/pradipta.sarma/projects/first-brick/node_modules/body-parser/lib/read.js:130:5
    at invokeCallback (/Users/pradipta.sarma/projects/first-brick/node_modules/raw-body/index.js:224:16)
    at done (/Users/pradipta.sarma/projects/first-brick/node_modules/raw-body/index.js:213:7)
    at IncomingMessage.onEnd (/Users/pradipta.sarma/projects/first-brick/node_modules/raw-body/index.js:273:7)
    at IncomingMessage.emit (events.js:327:22)
    at endReadableNT (_stream_readable.js:1201:12)
    at processTicksAndRejections (internal/process/task_queues.js:84:21)
info [Mon Sep 21 2020 21:27:26 GMT+0530 (India Standard Time)]  ::1
info [Mon Sep 21 2020 21:27:33 GMT+0530 (India Standard Time)]  {"name":"undefined undefined","email":null,"phone":"","message":"","createdOn":"2020-09-21T15:57:33.199Z"}
error [Mon Sep 21 2020 21:27:33 GMT+0530 (India Standard Time)]  TypeError: Cannot read property 'length' of null
    at /Users/pradipta.sarma/projects/first-brick/app.js:150:25
    at Layer.handle [as handle_request] (/Users/pradipta.sarma/projects/first-brick/node_modules/express/lib/router/layer.js:95:5)
    at next (/Users/pradipta.sarma/projects/first-brick/node_modules/express/lib/router/route.js:137:13)
    at /Users/pradipta.sarma/projects/first-brick/node_modules/body-parser/lib/read.js:130:5
    at invokeCallback (/Users/pradipta.sarma/projects/first-brick/node_modules/raw-body/index.js:224:16)
    at done (/Users/pradipta.sarma/projects/first-brick/node_modules/raw-body/index.js:213:7)
    at IncomingMessage.onEnd (/Users/pradipta.sarma/projects/first-brick/node_modules/raw-body/index.js:273:7)
    at IncomingMessage.emit (events.js:327:22)
    at endReadableNT (_stream_readable.js:1201:12)
    at processTicksAndRejections (internal/process/task_queues.js:84:21)




info [Mon Sep 21 2020 21:31:58 GMT+0530 (India Standard Time)]  ::1
info [Mon Sep 21 2020 21:41:48 GMT+0530 (India Standard Time)]  ::1













info [Mon Sep 21 2020 22:03:59 GMT+0530 (India Standard Time)]  ::1
info [Mon Sep 21 2020 22:04:13 GMT+0530 (India Standard Time)]  {"name":"Pradipta Sarma","email":"pradiptasarmad2@gmail.com","phone":"08133910729","message":"asdas","contactedOn":"2020-09-21T16:34:13.758Z"}
error [Mon Sep 21 2020 22:04:13 GMT+0530 (India Standard Time)]  ReferenceError: user is not defined
    at /Users/pradipta.sarma/projects/first-brick/app.js:66:39
    at Layer.handle [as handle_request] (/Users/pradipta.sarma/projects/first-brick/node_modules/express/lib/router/layer.js:95:5)
    at next (/Users/pradipta.sarma/projects/first-brick/node_modules/express/lib/router/route.js:137:13)
    at /Users/pradipta.sarma/projects/first-brick/node_modules/body-parser/lib/read.js:130:5
    at invokeCallback (/Users/pradipta.sarma/projects/first-brick/node_modules/raw-body/index.js:224:16)
    at done (/Users/pradipta.sarma/projects/first-brick/node_modules/raw-body/index.js:213:7)
    at IncomingMessage.onEnd (/Users/pradipta.sarma/projects/first-brick/node_modules/raw-body/index.js:273:7)
    at IncomingMessage.emit (events.js:327:22)
    at endReadableNT (_stream_readable.js:1201:12)
    at processTicksAndRejections (internal/process/task_queues.js:84:21)

info [Mon Sep 21 2020 22:05:32 GMT+0530 (India Standard Time)]  {"name":"Pradipta Sarma","email":"pradiptasarmad2@gmail.com","phone":"08133910729","message":"asdas","contactedOn":"2020-09-21T16:35:32.691Z"}
error [Mon Sep 21 2020 22:05:32 GMT+0530 (India Standard Time)]  ReferenceError: user is not defined
    at /Users/pradipta.sarma/projects/first-brick/app.js:66:39
    at Layer.handle [as handle_request] (/Users/pradipta.sarma/projects/first-brick/node_modules/express/lib/router/layer.js:95:5)
    at next (/Users/pradipta.sarma/projects/first-brick/node_modules/express/lib/router/route.js:137:13)
    at /Users/pradipta.sarma/projects/first-brick/node_modules/body-parser/lib/read.js:130:5
    at invokeCallback (/Users/pradipta.sarma/projects/first-brick/node_modules/raw-body/index.js:224:16)
    at done (/Users/pradipta.sarma/projects/first-brick/node_modules/raw-body/index.js:213:7)
    at IncomingMessage.onEnd (/Users/pradipta.sarma/projects/first-brick/node_modules/raw-body/index.js:273:7)
    at IncomingMessage.emit (events.js:327:22)
    at endReadableNT (_stream_readable.js:1201:12)
    at processTicksAndRejections (internal/process/task_queues.js:84:21)
info [Mon Sep 21 2020 22:05:35 GMT+0530 (India Standard Time)]  ::1
info [Mon Sep 21 2020 22:05:37 GMT+0530 (India Standard Time)]  ::1

info [Mon Sep 21 2020 22:07:08 GMT+0530 (India Standard Time)]  ::1
info [Mon Sep 21 2020 22:07:27 GMT+0530 (India Standard Time)]  {"name":"Pradipta Sarma","email":"pradiptasarmad2@gmail.com","phone":"08133910729","message":"asd","contactedOn":"2020-09-21T16:37:27.375Z"}
error [Mon Sep 21 2020 22:07:27 GMT+0530 (India Standard Time)]  ReferenceError: user is not defined
    at /Users/pradipta.sarma/projects/first-brick/app.js:66:39
    at Layer.handle [as handle_request] (/Users/pradipta.sarma/projects/first-brick/node_modules/express/lib/router/layer.js:95:5)
    at next (/Users/pradipta.sarma/projects/first-brick/node_modules/express/lib/router/route.js:137:13)
    at /Users/pradipta.sarma/projects/first-brick/node_modules/body-parser/lib/read.js:130:5
    at invokeCallback (/Users/pradipta.sarma/projects/first-brick/node_modules/raw-body/index.js:224:16)
    at done (/Users/pradipta.sarma/projects/first-brick/node_modules/raw-body/index.js:213:7)
    at IncomingMessage.onEnd (/Users/pradipta.sarma/projects/first-brick/node_modules/raw-body/index.js:273:7)
    at IncomingMessage.emit (events.js:327:22)
    at endReadableNT (_stream_readable.js:1201:12)
    at processTicksAndRejections (internal/process/task_queues.js:84:21)


info [Mon Sep 21 2020 22:08:26 GMT+0530 (India Standard Time)]  ::1
info [Mon Sep 21 2020 22:08:38 GMT+0530 (India Standard Time)]  {"name":"Pradipta Sarma","email":"pradiptasarmad2@gmail.com","phone":"08133910729","message":"zxvc","contactedOn":"2020-09-21T16:38:38.721Z"}
error [Mon Sep 21 2020 22:08:38 GMT+0530 (India Standard Time)]  ReferenceError: user is not defined
    at /Users/pradipta.sarma/projects/first-brick/app.js:66:39
    at Layer.handle [as handle_request] (/Users/pradipta.sarma/projects/first-brick/node_modules/express/lib/router/layer.js:95:5)
    at next (/Users/pradipta.sarma/projects/first-brick/node_modules/express/lib/router/route.js:137:13)
    at /Users/pradipta.sarma/projects/first-brick/node_modules/body-parser/lib/read.js:130:5
    at invokeCallback (/Users/pradipta.sarma/projects/first-brick/node_modules/raw-body/index.js:224:16)
    at done (/Users/pradipta.sarma/projects/first-brick/node_modules/raw-body/index.js:213:7)
    at IncomingMessage.onEnd (/Users/pradipta.sarma/projects/first-brick/node_modules/raw-body/index.js:273:7)
    at IncomingMessage.emit (events.js:327:22)
    at endReadableNT (_stream_readable.js:1201:12)
    at processTicksAndRejections (internal/process/task_queues.js:84:21)

info [Mon Sep 21 2020 22:11:38 GMT+0530 (India Standard Time)]  {"name":"Pradipta Sarma","email":"pradiptasarmad2@gmail.com","phone":"08133910729","message":"asdasd","contactedOn":"2020-09-21T16:41:38.817Z"}
error [Mon Sep 21 2020 22:11:38 GMT+0530 (India Standard Time)]  ReferenceError: user is not defined
    at /Users/pradipta.sarma/projects/first-brick/app.js:67:39
    at Layer.handle [as handle_request] (/Users/pradipta.sarma/projects/first-brick/node_modules/express/lib/router/layer.js:95:5)
    at next (/Users/pradipta.sarma/projects/first-brick/node_modules/express/lib/router/route.js:137:13)
    at /Users/pradipta.sarma/projects/first-brick/node_modules/body-parser/lib/read.js:130:5
    at invokeCallback (/Users/pradipta.sarma/projects/first-brick/node_modules/raw-body/index.js:224:16)
    at done (/Users/pradipta.sarma/projects/first-brick/node_modules/raw-body/index.js:213:7)
    at IncomingMessage.onEnd (/Users/pradipta.sarma/projects/first-brick/node_modules/raw-body/index.js:273:7)
    at IncomingMessage.emit (events.js:327:22)
    at endReadableNT (_stream_readable.js:1201:12)
    at processTicksAndRejections (internal/process/task_queues.js:84:21)





info [Mon Sep 21 2020 22:16:29 GMT+0530 (India Standard Time)]  ::1
info [Mon Sep 21 2020 22:16:41 GMT+0530 (India Standard Time)]  {"name":"Pradipta Sarma","email":"pradiptasarmad2@gmail.com","phone":"08133910729","message":"asdasd","createdOn":"2020-09-21T16:46:41.467Z"}
info [Mon Sep 21 2020 22:17:11 GMT+0530 (India Standard Time)]  {"name":"Pradipta Sarma","email":"pradiptasarmad2@gmail.com","phone":"08133910729","message":"asdasd","createdOn":"2020-09-21T16:47:11.194Z"}


info [Mon Sep 21 2020 22:17:28 GMT+0530 (India Standard Time)]  ::1
info [Mon Sep 21 2020 22:17:38 GMT+0530 (India Standard Time)]  {"name":"Pradipta Sarma","email":"pradiptasarmad2@gmail.com","phone":"08133910729","message":"sdf","createdOn":"2020-09-21T16:47:38.930Z"}


info [Mon Sep 21 2020 22:18:07 GMT+0530 (India Standard Time)]  ::1

info [Mon Sep 21 2020 22:18:54 GMT+0530 (India Standard Time)]  ::1



info [Mon Sep 21 2020 22:20:58 GMT+0530 (India Standard Time)]  ::1
info [Mon Sep 21 2020 22:24:10 GMT+0530 (India Standard Time)]  ::ffff:192.168.29.134







info [Mon Sep 21 2020 22:42:28 GMT+0530 (India Standard Time)]  ::1

info [Mon Sep 21 2020 22:46:27 GMT+0530 (India Standard Time)]  ::ffff:192.168.29.194

info [Mon Sep 21 2020 22:53:20 GMT+0530 (India Standard Time)]  ::1

info [Mon Sep 21 2020 23:01:02 GMT+0530 (India Standard Time)]  ::1
info [Mon Sep 21 2020 23:04:52 GMT+0530 (India Standard Time)]  ::1
info [Mon Sep 21 2020 23:05:08 GMT+0530 (India Standard Time)]  ::1
info [Mon Sep 21 2020 23:05:16 GMT+0530 (India Standard Time)]  ::1
info [Mon Sep 21 2020 23:05:28 GMT+0530 (India Standard Time)]  ::1
info [Mon Sep 21 2020 23:05:43 GMT+0530 (India Standard Time)]  ::1
info [Mon Sep 21 2020 23:06:03 GMT+0530 (India Standard Time)]  ::1
info [Mon Sep 21 2020 23:06:14 GMT+0530 (India Standard Time)]  ::1
info [Mon Sep 21 2020 23:13:20 GMT+0530 (India Standard Time)]  ::1
info [Mon Sep 21 2020 23:13:35 GMT+0530 (India Standard Time)]  ::1


info [Mon Sep 21 2020 23:22:49 GMT+0530 (India Standard Time)]  ::1
info [Mon Sep 21 2020 23:28:09 GMT+0530 (India Standard Time)]  ::1
info [Mon Sep 21 2020 23:28:46 GMT+0530 (India Standard Time)]  ::1



info [Mon Sep 21 2020 23:41:47 GMT+0530 (India Standard Time)]  ::1

info [Mon Sep 21 2020 23:42:32 GMT+0530 (India Standard Time)]  ::1


info [Mon Sep 21 2020 23:47:11 GMT+0530 (India Standard Time)]  ::1
info [Mon Sep 21 2020 23:47:30 GMT+0530 (India Standard Time)]  ::1






info [Tue Sep 22 2020 08:30:18 GMT+0530 (India Standard Time)]  ::1
info [Tue Sep 22 2020 08:30:29 GMT+0530 (India Standard Time)]  ::1


info [Tue Sep 22 2020 08:43:57 GMT+0530 (India Standard Time)]  ::1

info [Thu Oct 01 2020 08:53:09 GMT+0530 (India Standard Time)]  ::1
info [Thu Oct 01 2020 08:53:20 GMT+0530 (India Standard Time)]  ::1

info [Thu Oct 01 2020 08:55:50 GMT+0530 (India Standard Time)]  ::1

info [Thu Oct 01 2020 08:59:30 GMT+0530 (India Standard Time)]  ::1

info [Thu Oct 01 2020 09:00:44 GMT+0530 (India Standard Time)]  ::1
info [Thu Oct 01 2020 09:00:56 GMT+0530 (India Standard Time)]  ::1

info [Thu Oct 01 2020 09:01:44 GMT+0530 (India Standard Time)]  ::1
info [Thu Oct 01 2020 09:01:53 GMT+0530 (India Standard Time)]  ::1
info [Thu Oct 01 2020 09:03:00 GMT+0530 (India Standard Time)]  ::1

info [Thu Oct 01 2020 09:06:21 GMT+0530 (India Standard Time)]  ::1
info [Thu Oct 01 2020 09:06:33 GMT+0530 (India Standard Time)]  ::1

info [Thu Oct 01 2020 09:09:25 GMT+0530 (India Standard Time)]  ::1
info [Thu Oct 01 2020 09:09:36 GMT+0530 (India Standard Time)]  ::1

info [Thu Oct 01 2020 09:13:53 GMT+0530 (India Standard Time)]  ::1

info [Thu Oct 01 2020 09:14:57 GMT+0530 (India Standard Time)]  ::1

info [Sun Oct 04 2020 22:38:43 GMT+0530 (India Standard Time)]  ::1
info [Sun Oct 04 2020 22:42:58 GMT+0530 (India Standard Time)]  ::1
info [Sun Oct 04 2020 22:44:25 GMT+0530 (India Standard Time)]  ::1
info [Mon Oct 05 2020 08:03:54 GMT+0530 (India Standard Time)]  ::1
info [Mon Oct 05 2020 08:05:18 GMT+0530 (India Standard Time)]  ::1
info [Mon Oct 05 2020 08:06:11 GMT+0530 (India Standard Time)]  ::1
info [Mon Oct 05 2020 08:06:49 GMT+0530 (India Standard Time)]  ::1
info [Mon Oct 05 2020 08:07:01 GMT+0530 (India Standard Time)]  ::1
info [Mon Oct 05 2020 08:08:41 GMT+0530 (India Standard Time)]  ::1
info [Mon Oct 05 2020 08:12:17 GMT+0530 (India Standard Time)]  ::1

info [Wed Oct 07 2020 11:03:37 GMT+0530 (India Standard Time)]  ::1
info [Wed Oct 07 2020 11:05:03 GMT+0530 (India Standard Time)]  ::1
info [Wed Oct 07 2020 11:05:50 GMT+0530 (India Standard Time)]  ::1
info [Wed Oct 07 2020 11:05:57 GMT+0530 (India Standard Time)]  ::1


